  Aircraft.cpp
  Application.cpp
  Command.cpp
  CommandQueue.cpp
  Component.cpp
  Container.cpp
  Entity.cpp
  Game.cpp
  GameState.cpp
  Main.cpp
  MenuState.cpp
  PauseState.cpp
  Player.cpp
  SceneNode.cpp
  Ship.cpp
  SpriteNode.cpp
  State.cpp
  StateStack.cpp
  TitleState.cpp
  Utility.cpp
  Generating Code...
  Compiling...
  World.cpp
  Generating Code...
  LINK : C:\Users\Josh\Desktop\JoshCharlieCA1\MultiPlayerCA1\MultiPlayerCA1\x64\Debug\GD4SFMLGameWorld.exe not found or not built by the last incremental link; performing full link
sfml-system-d.lib(sfml-system-d-2.dll) : fatal error LNK1112: module machine type 'x86' conflicts with target machine type 'x64'
